  [1m[36m (554.2ms)[0m  [1mCREATE DATABASE "simplified_url_development" ENCODING = 'unicode'[0m
  [1m[35m (53.3ms)[0m  CREATE TABLE "schema_migrations" ("version" character varying NOT NULL) 
  [1m[36m (61.5ms)[0m  [1mCREATE UNIQUE INDEX  "unique_schema_migrations" ON "schema_migrations"  ("version")[0m
  [1m[35mActiveRecord::SchemaMigration Load (0.8ms)[0m  SELECT "schema_migrations".* FROM "schema_migrations"
Migrating to CreateUrlShortners (20160405114444)
  [1m[36m (0.3ms)[0m  [1mBEGIN[0m
  [1m[35m (92.5ms)[0m  CREATE TABLE "url_shortners" ("id" serial primary key, "original_url" character varying, "generated_url" character varying, "created_at" timestamp NOT NULL, "updated_at" timestamp NOT NULL) 
  [1m[36mSQL (0.2ms)[0m  [1mINSERT INTO "schema_migrations" ("version") VALUES ($1)[0m  [["version", "20160405114444"]]
  [1m[35m (15.5ms)[0m  COMMIT
  [1m[36mActiveRecord::SchemaMigration Load (0.3ms)[0m  [1mSELECT "schema_migrations".* FROM "schema_migrations"[0m
  [1m[35m (2.3ms)[0m  SELECT t2.oid::regclass::text AS to_table, a1.attname AS column, a2.attname AS primary_key, c.conname AS name, c.confupdtype AS on_update, c.confdeltype AS on_delete
FROM pg_constraint c
JOIN pg_class t1 ON c.conrelid = t1.oid
JOIN pg_class t2 ON c.confrelid = t2.oid
JOIN pg_attribute a1 ON a1.attnum = c.conkey[1] AND a1.attrelid = t1.oid
JOIN pg_attribute a2 ON a2.attnum = c.confkey[1] AND a2.attrelid = t2.oid
JOIN pg_namespace t3 ON c.connamespace = t3.oid
WHERE c.contype = 'f'
  AND t1.relname = 'url_shortners'
  AND t3.nspname = ANY (current_schemas(false))
ORDER BY c.conname



Started GET "/" for 127.0.0.1 at 2016-04-05 17:16:48 +0530
  [1m[36mActiveRecord::SchemaMigration Load (0.2ms)[0m  [1mSELECT "schema_migrations".* FROM "schema_migrations"[0m
Processing by Rails::WelcomeController#index as HTML
  Rendered /home/sunil/.rvm/gems/ruby-2.1.5/gems/railties-4.2.3/lib/rails/templates/rails/welcome/index.html.erb (0.9ms)
Completed 200 OK in 9ms (Views: 4.0ms | ActiveRecord: 0.0ms)


Started GET "/url_shortners/new" for 127.0.0.1 at 2016-04-05 17:17:28 +0530
Processing by UrlShortnersController#new as HTML
  Rendered url_shortners/_form.html.erb (8.2ms)
  Rendered url_shortners/new.html.erb within layouts/application (10.2ms)
Completed 200 OK in 576ms (Views: 570.5ms | ActiveRecord: 2.2ms)


Started GET "/assets/scaffolds.self-e6450bba6981d3688c30e87b9adb6e75194e0761ce7999c7de6a9cc2e2d132d9.css?body=1" for 127.0.0.1 at 2016-04-05 17:17:28 +0530


Started GET "/assets/url_shortners.self-e3b0c44298fc1c149afbf4c8996fb92427ae41e4649b934ca495991b7852b855.css?body=1" for 127.0.0.1 at 2016-04-05 17:17:28 +0530


Started GET "/assets/url_shortners.self-877aef30ae1b040ab8a3aba4e3e309a11d7f2612f44dde450b5c157aa5f95c05.js?body=1" for 127.0.0.1 at 2016-04-05 17:17:28 +0530


Started GET "/url_shortners/new" for 127.0.0.1 at 2016-04-05 17:36:27 +0530
Processing by UrlShortnersController#new as HTML
Completed 500 Internal Server Error in 1ms (ActiveRecord: 0.0ms)

SyntaxError (/home/sunil/simplified_url/app/models/url_shortner.rb:2: syntax error, unexpected ':', expecting keyword_end
	BASE_URL: 'http://my_url/'
	         ^):
  app/models/url_shortner.rb:2: syntax error, unexpected ':', expecting keyword_end
  app/controllers/url_shortners_controller.rb:17:in `new'


  Rendered /home/sunil/.rvm/gems/ruby-2.1.5/gems/actionpack-4.2.3/lib/action_dispatch/middleware/templates/rescues/_source.erb (2.3ms)
  Rendered /home/sunil/.rvm/gems/ruby-2.1.5/gems/actionpack-4.2.3/lib/action_dispatch/middleware/templates/rescues/_trace.html.erb (1.1ms)
  Rendered /home/sunil/.rvm/gems/ruby-2.1.5/gems/actionpack-4.2.3/lib/action_dispatch/middleware/templates/rescues/_request_and_response.html.erb (0.5ms)
  Rendered /home/sunil/.rvm/gems/ruby-2.1.5/gems/actionpack-4.2.3/lib/action_dispatch/middleware/templates/rescues/diagnostics.html.erb within rescues/layout (9.7ms)
  Rendered /home/sunil/.rvm/gems/ruby-2.1.5/gems/web-console-2.3.0/lib/web_console/templates/_markup.html.erb (0.2ms)
  Rendered /home/sunil/.rvm/gems/ruby-2.1.5/gems/web-console-2.3.0/lib/web_console/templates/_inner_console_markup.html.erb within layouts/inlined_string (0.1ms)
  Rendered /home/sunil/.rvm/gems/ruby-2.1.5/gems/web-console-2.3.0/lib/web_console/templates/_prompt_box_markup.html.erb within layouts/inlined_string (0.1ms)
  Rendered /home/sunil/.rvm/gems/ruby-2.1.5/gems/web-console-2.3.0/lib/web_console/templates/style.css.erb within layouts/inlined_string (0.2ms)
  Rendered /home/sunil/.rvm/gems/ruby-2.1.5/gems/web-console-2.3.0/lib/web_console/templates/console.js.erb within layouts/javascript (7.2ms)
  Rendered /home/sunil/.rvm/gems/ruby-2.1.5/gems/web-console-2.3.0/lib/web_console/templates/main.js.erb within layouts/javascript (0.3ms)
  Rendered /home/sunil/.rvm/gems/ruby-2.1.5/gems/web-console-2.3.0/lib/web_console/templates/error_page.js.erb within layouts/javascript (0.2ms)
  Rendered /home/sunil/.rvm/gems/ruby-2.1.5/gems/web-console-2.3.0/lib/web_console/templates/index.html.erb (15.5ms)


Started GET "/url_shortners/new" for 127.0.0.1 at 2016-04-05 17:36:44 +0530
Processing by UrlShortnersController#new as HTML
  Rendered url_shortners/_form.html.erb (1.6ms)
  Rendered url_shortners/new.html.erb within layouts/application (2.0ms)
Completed 200 OK in 15ms (Views: 9.5ms | ActiveRecord: 1.2ms)


Started GET "/assets/scaffolds.self-e6450bba6981d3688c30e87b9adb6e75194e0761ce7999c7de6a9cc2e2d132d9.css?body=1" for 127.0.0.1 at 2016-04-05 17:36:44 +0530


Started GET "/assets/jquery.self-660adc51e0224b731d29f575a6f1ec167ba08ad06ed5deca4f1e8654c135bf4c.js?body=1" for 127.0.0.1 at 2016-04-05 17:36:44 +0530


Started GET "/assets/jquery_ujs.self-e87806d0cf4489aeb1bb7288016024e8de67fd18db693fe026fe3907581e53cd.js?body=1" for 127.0.0.1 at 2016-04-05 17:36:44 +0530


Started GET "/assets/application.self-e80e8f2318043e8af94dddc2adad5a4f09739a8ebb323b3ab31cd71d45fd9113.css?body=1" for 127.0.0.1 at 2016-04-05 17:36:44 +0530


Started GET "/assets/url_shortners.self-e3b0c44298fc1c149afbf4c8996fb92427ae41e4649b934ca495991b7852b855.css?body=1" for 127.0.0.1 at 2016-04-05 17:36:44 +0530


Started GET "/assets/turbolinks.self-c37727e9bd6b2735da5c311aa83fead54ed0be6cc8bd9a65309e9c5abe2cbfff.js?body=1" for 127.0.0.1 at 2016-04-05 17:36:44 +0530


Started GET "/assets/url_shortners.self-877aef30ae1b040ab8a3aba4e3e309a11d7f2612f44dde450b5c157aa5f95c05.js?body=1" for 127.0.0.1 at 2016-04-05 17:36:44 +0530


Started GET "/assets/application.self-3b8dabdc891efe46b9a144b400ad69e37d7e5876bdc39dee783419a69d7ca819.js?body=1" for 127.0.0.1 at 2016-04-05 17:36:44 +0530


Started POST "/url_shortners" for 127.0.0.1 at 2016-04-05 17:36:54 +0530
Processing by UrlShortnersController#create as HTML
  Parameters: {"utf8"=>"✓", "authenticity_token"=>"T+2/pSmMTdjSm2nFozLGLmYJ6ImsY9lPD6IXh0UGGBtFm4ldWJZ57+nbN1gN2aw70jCoo8Cf+K4FEE7TOINbSw==", "url_shortner"=>{"original_url"=>"http://www.webdesignermag.co.uk/build-a-custom-url-shortener-with-ruby-and-sinatra/"}, "commit"=>"Create Url shortner"}
  [1m[35m (0.1ms)[0m  BEGIN
  [1m[36mSQL (0.3ms)[0m  [1mINSERT INTO "url_shortners" ("original_url", "created_at", "updated_at") VALUES ($1, $2, $3) RETURNING "id"[0m  [["original_url", "http://www.webdesignermag.co.uk/build-a-custom-url-shortener-with-ruby-and-sinatra/"], ["created_at", "2016-04-05 12:06:54.810328"], ["updated_at", "2016-04-05 12:06:54.810328"]]
  [1m[35m (0.1ms)[0m  ROLLBACK
Completed 500 Internal Server Error in 4ms (ActiveRecord: 0.7ms)

NoMethodError (undefined method `pry' for #<Binding:0x007fecd3586408>):
  app/models/url_shortner.rb:6:in `genarate_simplified_url'
  app/controllers/url_shortners_controller.rb:30:in `block in create'
  app/controllers/url_shortners_controller.rb:29:in `create'


  Rendered /home/sunil/.rvm/gems/ruby-2.1.5/gems/actionpack-4.2.3/lib/action_dispatch/middleware/templates/rescues/_source.erb (3.4ms)
  Rendered /home/sunil/.rvm/gems/ruby-2.1.5/gems/actionpack-4.2.3/lib/action_dispatch/middleware/templates/rescues/_trace.html.erb (1.2ms)
  Rendered /home/sunil/.rvm/gems/ruby-2.1.5/gems/actionpack-4.2.3/lib/action_dispatch/middleware/templates/rescues/_request_and_response.html.erb (0.5ms)
  Rendered /home/sunil/.rvm/gems/ruby-2.1.5/gems/actionpack-4.2.3/lib/action_dispatch/middleware/templates/rescues/diagnostics.html.erb within rescues/layout (11.6ms)
  Rendered /home/sunil/.rvm/gems/ruby-2.1.5/gems/web-console-2.3.0/lib/web_console/templates/_markup.html.erb (0.2ms)
  Rendered /home/sunil/.rvm/gems/ruby-2.1.5/gems/web-console-2.3.0/lib/web_console/templates/_inner_console_markup.html.erb within layouts/inlined_string (0.1ms)
  Rendered /home/sunil/.rvm/gems/ruby-2.1.5/gems/web-console-2.3.0/lib/web_console/templates/_prompt_box_markup.html.erb within layouts/inlined_string (0.2ms)
  Rendered /home/sunil/.rvm/gems/ruby-2.1.5/gems/web-console-2.3.0/lib/web_console/templates/style.css.erb within layouts/inlined_string (0.2ms)
  Rendered /home/sunil/.rvm/gems/ruby-2.1.5/gems/web-console-2.3.0/lib/web_console/templates/console.js.erb within layouts/javascript (7.4ms)
  Rendered /home/sunil/.rvm/gems/ruby-2.1.5/gems/web-console-2.3.0/lib/web_console/templates/main.js.erb within layouts/javascript (0.1ms)
  Rendered /home/sunil/.rvm/gems/ruby-2.1.5/gems/web-console-2.3.0/lib/web_console/templates/error_page.js.erb within layouts/javascript (0.2ms)
  Rendered /home/sunil/.rvm/gems/ruby-2.1.5/gems/web-console-2.3.0/lib/web_console/templates/index.html.erb (15.2ms)


Started POST "/url_shortners" for 127.0.0.1 at 2016-04-05 17:37:21 +0530
Processing by UrlShortnersController#create as HTML
  Parameters: {"utf8"=>"✓", "authenticity_token"=>"T+2/pSmMTdjSm2nFozLGLmYJ6ImsY9lPD6IXh0UGGBtFm4ldWJZ57+nbN1gN2aw70jCoo8Cf+K4FEE7TOINbSw==", "url_shortner"=>{"original_url"=>"http://www.webdesignermag.co.uk/build-a-custom-url-shortener-with-ruby-and-sinatra/"}, "commit"=>"Create Url shortner"}
  [1m[36m (0.1ms)[0m  [1mBEGIN[0m
  [1m[35mSQL (0.2ms)[0m  INSERT INTO "url_shortners" ("original_url", "created_at", "updated_at") VALUES ($1, $2, $3) RETURNING "id"  [["original_url", "http://www.webdesignermag.co.uk/build-a-custom-url-shortener-with-ruby-and-sinatra/"], ["created_at", "2016-04-05 12:07:21.634503"], ["updated_at", "2016-04-05 12:07:21.634503"]]
  [1m[36m (0.1ms)[0m  [1mROLLBACK[0m
Completed 500 Internal Server Error in 3ms (ActiveRecord: 0.3ms)

NoMethodError (undefined method `pry' for #<Binding:0x007fecd244e528>):
  app/models/url_shortner.rb:6:in `genarate_simplified_url'
  app/controllers/url_shortners_controller.rb:30:in `block in create'
  app/controllers/url_shortners_controller.rb:29:in `create'


  Rendered /home/sunil/.rvm/gems/ruby-2.1.5/gems/actionpack-4.2.3/lib/action_dispatch/middleware/templates/rescues/_source.erb (3.1ms)
  Rendered /home/sunil/.rvm/gems/ruby-2.1.5/gems/actionpack-4.2.3/lib/action_dispatch/middleware/templates/rescues/_trace.html.erb (1.2ms)
  Rendered /home/sunil/.rvm/gems/ruby-2.1.5/gems/actionpack-4.2.3/lib/action_dispatch/middleware/templates/rescues/_request_and_response.html.erb (0.6ms)
  Rendered /home/sunil/.rvm/gems/ruby-2.1.5/gems/actionpack-4.2.3/lib/action_dispatch/middleware/templates/rescues/diagnostics.html.erb within rescues/layout (10.8ms)
  Rendered /home/sunil/.rvm/gems/ruby-2.1.5/gems/web-console-2.3.0/lib/web_console/templates/_markup.html.erb (0.2ms)
  Rendered /home/sunil/.rvm/gems/ruby-2.1.5/gems/web-console-2.3.0/lib/web_console/templates/_inner_console_markup.html.erb within layouts/inlined_string (0.2ms)
  Rendered /home/sunil/.rvm/gems/ruby-2.1.5/gems/web-console-2.3.0/lib/web_console/templates/_prompt_box_markup.html.erb within layouts/inlined_string (0.1ms)
  Rendered /home/sunil/.rvm/gems/ruby-2.1.5/gems/web-console-2.3.0/lib/web_console/templates/style.css.erb within layouts/inlined_string (0.2ms)
  Rendered /home/sunil/.rvm/gems/ruby-2.1.5/gems/web-console-2.3.0/lib/web_console/templates/console.js.erb within layouts/javascript (7.2ms)
  Rendered /home/sunil/.rvm/gems/ruby-2.1.5/gems/web-console-2.3.0/lib/web_console/templates/main.js.erb within layouts/javascript (0.1ms)
  Rendered /home/sunil/.rvm/gems/ruby-2.1.5/gems/web-console-2.3.0/lib/web_console/templates/error_page.js.erb within layouts/javascript (0.2ms)
  Rendered /home/sunil/.rvm/gems/ruby-2.1.5/gems/web-console-2.3.0/lib/web_console/templates/index.html.erb (15.2ms)


Started POST "/url_shortners" for 127.0.0.1 at 2016-04-05 17:37:25 +0530
Processing by UrlShortnersController#create as HTML
  Parameters: {"utf8"=>"✓", "authenticity_token"=>"T+2/pSmMTdjSm2nFozLGLmYJ6ImsY9lPD6IXh0UGGBtFm4ldWJZ57+nbN1gN2aw70jCoo8Cf+K4FEE7TOINbSw==", "url_shortner"=>{"original_url"=>"http://www.webdesignermag.co.uk/build-a-custom-url-shortener-with-ruby-and-sinatra/"}, "commit"=>"Create Url shortner"}
  [1m[35m (0.1ms)[0m  BEGIN
  [1m[36mSQL (0.2ms)[0m  [1mINSERT INTO "url_shortners" ("original_url", "created_at", "updated_at") VALUES ($1, $2, $3) RETURNING "id"[0m  [["original_url", "http://www.webdesignermag.co.uk/build-a-custom-url-shortener-with-ruby-and-sinatra/"], ["created_at", "2016-04-05 12:07:25.400440"], ["updated_at", "2016-04-05 12:07:25.400440"]]
  [1m[35m (0.1ms)[0m  ROLLBACK
Completed 500 Internal Server Error in 3ms (ActiveRecord: 0.4ms)

NoMethodError (undefined method `pry' for #<Binding:0x007fecd1d263e0>):
  app/models/url_shortner.rb:6:in `genarate_simplified_url'
  app/controllers/url_shortners_controller.rb:30:in `block in create'
  app/controllers/url_shortners_controller.rb:29:in `create'


  Rendered /home/sunil/.rvm/gems/ruby-2.1.5/gems/actionpack-4.2.3/lib/action_dispatch/middleware/templates/rescues/_source.erb (2.9ms)
  Rendered /home/sunil/.rvm/gems/ruby-2.1.5/gems/actionpack-4.2.3/lib/action_dispatch/middleware/templates/rescues/_trace.html.erb (1.2ms)
  Rendered /home/sunil/.rvm/gems/ruby-2.1.5/gems/actionpack-4.2.3/lib/action_dispatch/middleware/templates/rescues/_request_and_response.html.erb (0.5ms)
  Rendered /home/sunil/.rvm/gems/ruby-2.1.5/gems/actionpack-4.2.3/lib/action_dispatch/middleware/templates/rescues/diagnostics.html.erb within rescues/layout (10.6ms)
  Rendered /home/sunil/.rvm/gems/ruby-2.1.5/gems/web-console-2.3.0/lib/web_console/templates/_markup.html.erb (0.3ms)
  Rendered /home/sunil/.rvm/gems/ruby-2.1.5/gems/web-console-2.3.0/lib/web_console/templates/_inner_console_markup.html.erb within layouts/inlined_string (0.2ms)
  Rendered /home/sunil/.rvm/gems/ruby-2.1.5/gems/web-console-2.3.0/lib/web_console/templates/_prompt_box_markup.html.erb within layouts/inlined_string (0.1ms)
  Rendered /home/sunil/.rvm/gems/ruby-2.1.5/gems/web-console-2.3.0/lib/web_console/templates/style.css.erb within layouts/inlined_string (0.1ms)
  Rendered /home/sunil/.rvm/gems/ruby-2.1.5/gems/web-console-2.3.0/lib/web_console/templates/console.js.erb within layouts/javascript (7.2ms)
  Rendered /home/sunil/.rvm/gems/ruby-2.1.5/gems/web-console-2.3.0/lib/web_console/templates/main.js.erb within layouts/javascript (0.1ms)
  Rendered /home/sunil/.rvm/gems/ruby-2.1.5/gems/web-console-2.3.0/lib/web_console/templates/error_page.js.erb within layouts/javascript (0.2ms)
  Rendered /home/sunil/.rvm/gems/ruby-2.1.5/gems/web-console-2.3.0/lib/web_console/templates/index.html.erb (15.5ms)


Started GET "/url_shortners/new" for 127.0.0.1 at 2016-04-05 17:38:03 +0530
Processing by UrlShortnersController#new as HTML
  Rendered url_shortners/_form.html.erb (1.7ms)
  Rendered url_shortners/new.html.erb within layouts/application (2.3ms)
Completed 200 OK in 13ms (Views: 12.1ms | ActiveRecord: 0.0ms)


Started POST "/url_shortners" for 127.0.0.1 at 2016-04-05 17:38:06 +0530
Processing by UrlShortnersController#create as HTML
  Parameters: {"utf8"=>"✓", "authenticity_token"=>"ZaOs5PJg4srTZJdXFO+L9ncVdk9dxIcE7V9CzhyMwDZv1Zocg3rW/egkycq6BOHjwyw2ZTE4puXn7RuaYQmDZg==", "url_shortner"=>{"original_url"=>"http://www.webdesignermag.co.uk/build-a-custom-url-shortener-with-ruby-and-sinatra/"}, "commit"=>"Create Url shortner"}
  [1m[36m (0.1ms)[0m  [1mBEGIN[0m
  [1m[35mSQL (0.2ms)[0m  INSERT INTO "url_shortners" ("original_url", "created_at", "updated_at") VALUES ($1, $2, $3) RETURNING "id"  [["original_url", "http://www.webdesignermag.co.uk/build-a-custom-url-shortener-with-ruby-and-sinatra/"], ["created_at", "2016-04-05 12:08:06.020864"], ["updated_at", "2016-04-05 12:08:06.020864"]]
  [1m[36m (0.1ms)[0m  [1mROLLBACK[0m
Completed 500 Internal Server Error in 3ms (ActiveRecord: 0.4ms)

NoMethodError (undefined method `pry' for #<Binding:0x007fecd3032650>):
  app/models/url_shortner.rb:6:in `genarate_simplified_url'
  app/controllers/url_shortners_controller.rb:30:in `block in create'
  app/controllers/url_shortners_controller.rb:29:in `create'


  Rendered /home/sunil/.rvm/gems/ruby-2.1.5/gems/actionpack-4.2.3/lib/action_dispatch/middleware/templates/rescues/_source.erb (3.2ms)
  Rendered /home/sunil/.rvm/gems/ruby-2.1.5/gems/actionpack-4.2.3/lib/action_dispatch/middleware/templates/rescues/_trace.html.erb (1.2ms)
  Rendered /home/sunil/.rvm/gems/ruby-2.1.5/gems/actionpack-4.2.3/lib/action_dispatch/middleware/templates/rescues/_request_and_response.html.erb (0.5ms)
  Rendered /home/sunil/.rvm/gems/ruby-2.1.5/gems/actionpack-4.2.3/lib/action_dispatch/middleware/templates/rescues/diagnostics.html.erb within rescues/layout (10.9ms)
  Rendered /home/sunil/.rvm/gems/ruby-2.1.5/gems/web-console-2.3.0/lib/web_console/templates/_markup.html.erb (0.2ms)
  Rendered /home/sunil/.rvm/gems/ruby-2.1.5/gems/web-console-2.3.0/lib/web_console/templates/_inner_console_markup.html.erb within layouts/inlined_string (0.3ms)
  Rendered /home/sunil/.rvm/gems/ruby-2.1.5/gems/web-console-2.3.0/lib/web_console/templates/_prompt_box_markup.html.erb within layouts/inlined_string (0.1ms)
  Rendered /home/sunil/.rvm/gems/ruby-2.1.5/gems/web-console-2.3.0/lib/web_console/templates/style.css.erb within layouts/inlined_string (0.1ms)
  Rendered /home/sunil/.rvm/gems/ruby-2.1.5/gems/web-console-2.3.0/lib/web_console/templates/console.js.erb within layouts/javascript (7.8ms)
  Rendered /home/sunil/.rvm/gems/ruby-2.1.5/gems/web-console-2.3.0/lib/web_console/templates/main.js.erb within layouts/javascript (0.1ms)
  Rendered /home/sunil/.rvm/gems/ruby-2.1.5/gems/web-console-2.3.0/lib/web_console/templates/error_page.js.erb within layouts/javascript (0.2ms)
  Rendered /home/sunil/.rvm/gems/ruby-2.1.5/gems/web-console-2.3.0/lib/web_console/templates/index.html.erb (16.0ms)


Started GET "/url_shortners/new" for 127.0.0.1 at 2016-04-05 17:39:42 +0530
  [1m[36mActiveRecord::SchemaMigration Load (0.2ms)[0m  [1mSELECT "schema_migrations".* FROM "schema_migrations"[0m
Processing by UrlShortnersController#new as HTML
  Rendered url_shortners/_form.html.erb (7.4ms)
  Rendered url_shortners/new.html.erb within layouts/application (9.6ms)
Completed 200 OK in 164ms (Views: 153.5ms | ActiveRecord: 1.6ms)


Started POST "/url_shortners" for 127.0.0.1 at 2016-04-05 17:39:45 +0530
Processing by UrlShortnersController#create as HTML
  Parameters: {"utf8"=>"✓", "authenticity_token"=>"CL11f5jqO5DkBYSvRQWQl75OD6vwuxLWebGLopru/usCy0OH6fAPp99F2jLr7vqCCndPgZxHMzdzA9L252u9uw==", "url_shortner"=>{"original_url"=>"http://www.webdesignermag.co.uk/build-a-custom-url-shortener-with-ruby-and-sinatra/"}, "commit"=>"Create Url shortner"}
  [1m[35m (0.1ms)[0m  BEGIN
  [1m[36mSQL (0.2ms)[0m  [1mINSERT INTO "url_shortners" ("original_url", "created_at", "updated_at") VALUES ($1, $2, $3) RETURNING "id"[0m  [["original_url", "http://www.webdesignermag.co.uk/build-a-custom-url-shortener-with-ruby-and-sinatra/"], ["created_at", "2016-04-05 12:09:45.238744"], ["updated_at", "2016-04-05 12:09:45.238744"]]
  [1m[35m (22.3ms)[0m  COMMIT
Redirected to http://localhost:3001/url_shortners/5
Completed 302 Found in 41813ms (ActiveRecord: 22.8ms)


Started GET "/url_shortners/5" for 127.0.0.1 at 2016-04-05 17:40:27 +0530
Processing by UrlShortnersController#show as HTML
  Parameters: {"id"=>"5"}
  [1m[36mUrlShortner Load (0.2ms)[0m  [1mSELECT  "url_shortners".* FROM "url_shortners" WHERE "url_shortners"."id" = $1 LIMIT 1[0m  [["id", 5]]
  Rendered url_shortners/show.html.erb within layouts/application (0.5ms)
Completed 200 OK in 45ms (Views: 8.5ms | ActiveRecord: 0.2ms)
  [1m[36mUrlShortner Load (0.3ms)[0m  [1mSELECT  "url_shortners".* FROM "url_shortners"  ORDER BY "url_shortners"."id" DESC LIMIT 1[0m


Started GET "/url_shortners" for 127.0.0.1 at 2016-04-05 17:41:06 +0530
Processing by UrlShortnersController#index as HTML
  [1m[35mUrlShortner Load (0.2ms)[0m  SELECT "url_shortners".* FROM "url_shortners"
  Rendered url_shortners/index.html.erb within layouts/application (4.0ms)
Completed 200 OK in 11ms (Views: 9.1ms | ActiveRecord: 1.3ms)


Started DELETE "/url_shortners/5" for 127.0.0.1 at 2016-04-05 17:41:10 +0530
Processing by UrlShortnersController#destroy as HTML
  Parameters: {"authenticity_token"=>"KY91J6s9p4glJrTH9anDykJT6xEFyF7ac8vD64Nk2/gj+UPf2ieTvx5m6lpbQqnf9mqrO2k0fzt5eZq//uGYqA==", "id"=>"5"}
  [1m[36mUrlShortner Load (0.3ms)[0m  [1mSELECT  "url_shortners".* FROM "url_shortners" WHERE "url_shortners"."id" = $1 LIMIT 1[0m  [["id", 5]]
  [1m[35m (0.1ms)[0m  BEGIN
  [1m[36mSQL (0.1ms)[0m  [1mDELETE FROM "url_shortners" WHERE "url_shortners"."id" = $1[0m  [["id", 5]]
  [1m[35m (20.9ms)[0m  COMMIT
Redirected to http://localhost:3001/url_shortners
Completed 302 Found in 24ms (ActiveRecord: 21.4ms)


Started GET "/url_shortners" for 127.0.0.1 at 2016-04-05 17:41:11 +0530
Processing by UrlShortnersController#index as HTML
  [1m[36mUrlShortner Load (0.3ms)[0m  [1mSELECT "url_shortners".* FROM "url_shortners"[0m
  Rendered url_shortners/index.html.erb within layouts/application (1.9ms)
Completed 200 OK in 11ms (Views: 10.0ms | ActiveRecord: 0.3ms)


Started GET "/url_shortners/new" for 127.0.0.1 at 2016-04-05 17:41:12 +0530
Processing by UrlShortnersController#new as HTML
  Rendered url_shortners/_form.html.erb (1.1ms)
  Rendered url_shortners/new.html.erb within layouts/application (1.7ms)
Completed 200 OK in 9ms (Views: 8.0ms | ActiveRecord: 0.0ms)


Started POST "/url_shortners" for 127.0.0.1 at 2016-04-05 17:41:14 +0530
Processing by UrlShortnersController#create as HTML
  Parameters: {"utf8"=>"✓", "authenticity_token"=>"15HTYUt+EacVfX4efyU42gPcSaCJgxTJmtPxXulnB63d5+WZOmQlkC49IIPRzlLPt+UJiuV/NSiQYagKlOJE/Q==", "url_shortner"=>{"original_url"=>"http://www.webdesignermag.co.uk/build-a-custom-url-shortener-with-ruby-and-sinatra/"}, "commit"=>"Create Url shortner"}
  [1m[35m (0.1ms)[0m  BEGIN
  [1m[36mSQL (0.3ms)[0m  [1mINSERT INTO "url_shortners" ("original_url", "created_at", "updated_at") VALUES ($1, $2, $3) RETURNING "id"[0m  [["original_url", "http://www.webdesignermag.co.uk/build-a-custom-url-shortener-with-ruby-and-sinatra/"], ["created_at", "2016-04-05 12:11:14.307555"], ["updated_at", "2016-04-05 12:11:14.307555"]]
  [1m[35m (16.5ms)[0m  COMMIT
Redirected to http://localhost:3001/url_shortners/6
Completed 302 Found in 10273ms (ActiveRecord: 16.8ms)


Started GET "/url_shortners/6" for 127.0.0.1 at 2016-04-05 17:41:24 +0530
Processing by UrlShortnersController#show as HTML
  Parameters: {"id"=>"6"}
  [1m[36mUrlShortner Load (0.2ms)[0m  [1mSELECT  "url_shortners".* FROM "url_shortners" WHERE "url_shortners"."id" = $1 LIMIT 1[0m  [["id", 6]]
  Rendered url_shortners/show.html.erb within layouts/application (0.5ms)
Completed 200 OK in 9ms (Views: 7.9ms | ActiveRecord: 0.2ms)


Started GET "/url_shortners" for 127.0.0.1 at 2016-04-05 17:41:50 +0530
Processing by UrlShortnersController#index as HTML
  [1m[35mUrlShortner Load (0.3ms)[0m  SELECT "url_shortners".* FROM "url_shortners"
  Rendered url_shortners/index.html.erb within layouts/application (4.0ms)
Completed 200 OK in 13ms (Views: 10.0ms | ActiveRecord: 1.3ms)


Started DELETE "/url_shortners/6" for 127.0.0.1 at 2016-04-05 17:41:52 +0530
Processing by UrlShortnersController#destroy as HTML
  Parameters: {"authenticity_token"=>"ZmtMP4u+0pzt5kQ9H5NP/F6xaxMkuIVmMkgLFgqZ/bhsHXrH+qTmq9amGqCxeCXp6ogrOUhEpIc4+lJCdxy+6A==", "id"=>"6"}
  [1m[36mUrlShortner Load (0.3ms)[0m  [1mSELECT  "url_shortners".* FROM "url_shortners" WHERE "url_shortners"."id" = $1 LIMIT 1[0m  [["id", 6]]
  [1m[35m (0.1ms)[0m  BEGIN
  [1m[36mSQL (0.2ms)[0m  [1mDELETE FROM "url_shortners" WHERE "url_shortners"."id" = $1[0m  [["id", 6]]
  [1m[35m (141.7ms)[0m  COMMIT
Redirected to http://localhost:3001/url_shortners
Completed 302 Found in 146ms (ActiveRecord: 142.3ms)


Started GET "/url_shortners" for 127.0.0.1 at 2016-04-05 17:41:52 +0530
Processing by UrlShortnersController#index as HTML
  [1m[36mUrlShortner Load (0.2ms)[0m  [1mSELECT "url_shortners".* FROM "url_shortners"[0m
  Rendered url_shortners/index.html.erb within layouts/application (0.9ms)
Completed 200 OK in 12ms (Views: 11.2ms | ActiveRecord: 0.2ms)


Started GET "/url_shortners/new" for 127.0.0.1 at 2016-04-05 17:41:53 +0530
Processing by UrlShortnersController#new as HTML
  Rendered url_shortners/_form.html.erb (0.8ms)
  Rendered url_shortners/new.html.erb within layouts/application (1.2ms)
Completed 200 OK in 8ms (Views: 7.3ms | ActiveRecord: 0.0ms)


Started POST "/url_shortners" for 127.0.0.1 at 2016-04-05 17:41:55 +0530
Processing by UrlShortnersController#create as HTML
  Parameters: {"utf8"=>"✓", "authenticity_token"=>"heW4+KVl+m7f1eZ4bcLe58a8sfw9Di1CdEn9+2fmBe6Pk44A1H/OWeSVuOXDKbTycoXx1lHyDKN++6SvGmNGvg==", "url_shortner"=>{"original_url"=>"http://www.webdesignermag.co.uk/build-a-custom-url-shortener-with-ruby-and-sinatra/"}, "commit"=>"Create Url shortner"}
  [1m[35m (0.1ms)[0m  BEGIN
  [1m[36mSQL (0.2ms)[0m  [1mINSERT INTO "url_shortners" ("original_url", "created_at", "updated_at") VALUES ($1, $2, $3) RETURNING "id"[0m  [["original_url", "http://www.webdesignermag.co.uk/build-a-custom-url-shortener-with-ruby-and-sinatra/"], ["created_at", "2016-04-05 12:11:55.721470"], ["updated_at", "2016-04-05 12:11:55.721470"]]
  [1m[35mSQL (0.1ms)[0m  UPDATE "url_shortners" SET "original_url" = $1, "created_at" = $2, "updated_at" = $3, "id" = $4, "generated_url" = $5 WHERE "url_shortners"."id" = $6  [["original_url", "http://www.webdesignermag.co.uk/build-a-custom-url-shortener-with-ruby-and-sinatra/"], ["created_at", "2016-04-05 12:11:55.721470"], ["updated_at", "2016-04-05 12:11:55.721470"], ["id", 7], ["generated_url", "http://my_url/c5967e7b9493"], ["id", 7]]
  [1m[36m (41.1ms)[0m  [1mCOMMIT[0m
Redirected to http://localhost:3001/url_shortners/7
Completed 302 Found in 46ms (ActiveRecord: 41.5ms)


Started GET "/url_shortners/7" for 127.0.0.1 at 2016-04-05 17:41:55 +0530
Processing by UrlShortnersController#show as HTML
  Parameters: {"id"=>"7"}
  [1m[35mUrlShortner Load (0.5ms)[0m  SELECT  "url_shortners".* FROM "url_shortners" WHERE "url_shortners"."id" = $1 LIMIT 1  [["id", 7]]
  Rendered url_shortners/show.html.erb within layouts/application (0.4ms)
Completed 200 OK in 14ms (Views: 11.1ms | ActiveRecord: 0.5ms)


Started GET "/url_shortners" for 127.0.0.1 at 2016-04-05 17:42:01 +0530
Processing by UrlShortnersController#index as HTML
  [1m[36mUrlShortner Load (0.2ms)[0m  [1mSELECT "url_shortners".* FROM "url_shortners"[0m
  Rendered url_shortners/index.html.erb within layouts/application (0.8ms)
Completed 200 OK in 8ms (Views: 7.7ms | ActiveRecord: 0.2ms)


Started GET "/url_shortners/new" for 127.0.0.1 at 2016-04-05 17:45:38 +0530
Processing by UrlShortnersController#new as HTML
  Rendered url_shortners/_form.html.erb (1.0ms)
  Rendered url_shortners/new.html.erb within layouts/application (1.5ms)
Completed 200 OK in 15ms (Views: 10.5ms | ActiveRecord: 1.1ms)


Started POST "/url_shortners" for 127.0.0.1 at 2016-04-05 17:48:11 +0530
Processing by UrlShortnersController#create as HTML
  Parameters: {"utf8"=>"✓", "authenticity_token"=>"nMchARefr4DlXqjTVTA+yYMJ4CMv+Ps5xwk0GCVQySCWsRf5ZoWbt94e9k7721TcNzCgCUME2tjNu21MWNWKcA==", "url_shortner"=>{"original_url"=>"http://www.webdesignermag.co.uk/build-a-custom-url-shortener-with-ruby-and-sinatra/"}, "commit"=>"Create Url shortner"}
  [1m[35m (0.1ms)[0m  BEGIN
  [1m[36mSQL (0.2ms)[0m  [1mINSERT INTO "url_shortners" ("original_url", "created_at", "updated_at") VALUES ($1, $2, $3) RETURNING "id"[0m  [["original_url", "http://www.webdesignermag.co.uk/build-a-custom-url-shortener-with-ruby-and-sinatra/"], ["created_at", "2016-04-05 12:18:11.884470"], ["updated_at", "2016-04-05 12:18:11.884470"]]
  [1m[35mSQL (0.2ms)[0m  UPDATE "url_shortners" SET "original_url" = $1, "created_at" = $2, "updated_at" = $3, "id" = $4, "generated_url" = $5 WHERE "url_shortners"."id" = $6  [["original_url", "http://www.webdesignermag.co.uk/build-a-custom-url-shortener-with-ruby-and-sinatra/"], ["created_at", "2016-04-05 12:18:11.884470"], ["updated_at", "2016-04-05 12:18:11.884470"], ["id", 8], ["generated_url", "http://my_url/a798331b44c5"], ["id", 8]]
  [1m[36m (15.5ms)[0m  [1mCOMMIT[0m
Redirected to http://localhost:3001/url_shortners/8
Completed 302 Found in 84986ms (ActiveRecord: 17.0ms)


Started GET "/url_shortners/8" for 127.0.0.1 at 2016-04-05 17:49:36 +0530
Processing by UrlShortnersController#show as HTML
  Parameters: {"id"=>"8"}
  [1m[35mUrlShortner Load (0.3ms)[0m  SELECT  "url_shortners".* FROM "url_shortners" WHERE "url_shortners"."id" = $1 LIMIT 1  [["id", 8]]
  Rendered url_shortners/show.html.erb within layouts/application (0.3ms)
Completed 200 OK in 10ms (Views: 7.8ms | ActiveRecord: 0.3ms)
  [1m[35mUrlShortner Load (0.8ms)[0m  SELECT  "url_shortners".* FROM "url_shortners"  ORDER BY "url_shortners"."id" DESC LIMIT 1
  [1m[36mUrlShortner Load (0.3ms)[0m  [1mSELECT  "url_shortners".* FROM "url_shortners"  ORDER BY "url_shortners"."id" DESC LIMIT 2[0m


Started GET "/url_shortners" for 127.0.0.1 at 2016-04-05 17:51:20 +0530
Processing by UrlShortnersController#index as HTML
  [1m[36mUrlShortner Load (0.2ms)[0m  [1mSELECT "url_shortners".* FROM "url_shortners"[0m
  Rendered url_shortners/index.html.erb within layouts/application (3.9ms)
Completed 200 OK in 13ms (Views: 10.2ms | ActiveRecord: 1.3ms)


Started GET "/url_shortners/new" for 127.0.0.1 at 2016-04-05 17:51:21 +0530
Processing by UrlShortnersController#new as HTML
  Rendered url_shortners/_form.html.erb (0.8ms)
  Rendered url_shortners/new.html.erb within layouts/application (1.8ms)
Completed 200 OK in 11ms (Views: 9.9ms | ActiveRecord: 0.0ms)


Started POST "/url_shortners" for 127.0.0.1 at 2016-04-05 17:51:22 +0530
Processing by UrlShortnersController#create as HTML
  Parameters: {"utf8"=>"✓", "authenticity_token"=>"KGqFWgUPKvsqSoXC9jHM1q8qQrzsMVdTlN09P9L0CZwiHLOidBUezBEK219Y2qbDGxMCloDNdrKeb2Rrr3FKzA==", "url_shortner"=>{"original_url"=>""}, "commit"=>"Create Url shortner"}
  [1m[35m (0.1ms)[0m  BEGIN
  [1m[36mUrlShortner Exists (0.3ms)[0m  [1mSELECT  1 AS one FROM "url_shortners" WHERE "url_shortners"."original_url" = '' LIMIT 1[0m
  [1m[35m (0.1ms)[0m  ROLLBACK
  Rendered url_shortners/_form.html.erb (1.1ms)
  Rendered url_shortners/new.html.erb within layouts/application (1.4ms)
Completed 200 OK in 54ms (Views: 17.0ms | ActiveRecord: 0.5ms)


Started POST "/url_shortners" for 127.0.0.1 at 2016-04-05 17:51:28 +0530
Processing by UrlShortnersController#create as HTML
  Parameters: {"utf8"=>"✓", "authenticity_token"=>"HFzbLqIOOswu7u3bgXn0nK8PAyjnF+85qRKznRwg+PoWKu3W0xQO+xWus0Yvkp6JGzZDAovrztijoOrJYaW7qg==", "url_shortner"=>{"original_url"=>"http://www.webdesignermag.co.uk/build-a-custom-url-shortener-with-ruby-and-sinatra/"}, "commit"=>"Create Url shortner"}
  [1m[36m (0.1ms)[0m  [1mBEGIN[0m
  [1m[35mUrlShortner Exists (0.2ms)[0m  SELECT  1 AS one FROM "url_shortners" WHERE "url_shortners"."original_url" = 'http://www.webdesignermag.co.uk/build-a-custom-url-shortener-with-ruby-and-sinatra/' LIMIT 1
  [1m[36m (0.1ms)[0m  [1mROLLBACK[0m
  Rendered url_shortners/_form.html.erb (1.1ms)
  Rendered url_shortners/new.html.erb within layouts/application (1.5ms)
Completed 200 OK in 13ms (Views: 10.0ms | ActiveRecord: 0.4ms)


Started POST "/url_shortners" for 127.0.0.1 at 2016-04-05 17:51:47 +0530
Processing by UrlShortnersController#create as HTML
  Parameters: {"utf8"=>"✓", "authenticity_token"=>"xp6uBO2O6i/FOXagBXsaROAwrvCsa3XLSYSYLJHiPYvM6Jj8nJTeGP55KD2rkHBRVAnu2sCXVCpDNsF47Gd+2w==", "url_shortner"=>{"original_url"=>"http://www.webdesignermag.co.uk/"}, "commit"=>"Create Url shortner"}
  [1m[35m (0.1ms)[0m  BEGIN
  [1m[36mUrlShortner Exists (0.2ms)[0m  [1mSELECT  1 AS one FROM "url_shortners" WHERE "url_shortners"."original_url" = 'http://www.webdesignermag.co.uk/' LIMIT 1[0m
  [1m[35mSQL (0.1ms)[0m  INSERT INTO "url_shortners" ("original_url", "created_at", "updated_at") VALUES ($1, $2, $3) RETURNING "id"  [["original_url", "http://www.webdesignermag.co.uk/"], ["created_at", "2016-04-05 12:21:47.647783"], ["updated_at", "2016-04-05 12:21:47.647783"]]
  [1m[36mUrlShortner Exists (0.6ms)[0m  [1mSELECT  1 AS one FROM "url_shortners" WHERE ("url_shortners"."original_url" = 'http://www.webdesignermag.co.uk/' AND "url_shortners"."id" != 9) LIMIT 1[0m
  [1m[35mSQL (0.4ms)[0m  UPDATE "url_shortners" SET "original_url" = $1, "created_at" = $2, "updated_at" = $3, "id" = $4, "generated_url" = $5 WHERE "url_shortners"."id" = $6  [["original_url", "http://www.webdesignermag.co.uk/"], ["created_at", "2016-04-05 12:21:47.647783"], ["updated_at", "2016-04-05 12:21:47.647783"], ["id", 9], ["generated_url", "http://my_url/c8aabd335d82"], ["id", 9]]
  [1m[36m (15.3ms)[0m  [1mCOMMIT[0m
Redirected to http://localhost:3001/url_shortners/9
Completed 302 Found in 6112ms (ActiveRecord: 16.7ms)


Started GET "/url_shortners/9" for 127.0.0.1 at 2016-04-05 17:51:53 +0530
Processing by UrlShortnersController#show as HTML
  Parameters: {"id"=>"9"}
  [1m[35mUrlShortner Load (0.1ms)[0m  SELECT  "url_shortners".* FROM "url_shortners" WHERE "url_shortners"."id" = $1 LIMIT 1  [["id", 9]]
  Rendered url_shortners/show.html.erb within layouts/application (0.2ms)
Completed 200 OK in 11ms (Views: 9.3ms | ActiveRecord: 0.1ms)


Started GET "/url_shortners" for 127.0.0.1 at 2016-04-05 17:54:00 +0530
Processing by UrlShortnersController#index as HTML
  Rendered url_shortners/index.html.erb within layouts/application (11434.1ms)
Completed 200 OK in 11443ms (Views: 11441.9ms | ActiveRecord: 0.0ms)


Started GET "/url_shortners" for 127.0.0.1 at 2016-04-05 17:54:12 +0530
Processing by UrlShortnersController#index as HTML
  Rendered url_shortners/index.html.erb within layouts/application (1437.7ms)
Completed 200 OK in 1445ms (Views: 1444.8ms | ActiveRecord: 0.0ms)


Started GET "/url_shortners" for 127.0.0.1 at 2016-04-05 17:54:13 +0530
Processing by UrlShortnersController#index as HTML
  Rendered url_shortners/index.html.erb within layouts/application (646.1ms)
Completed 200 OK in 655ms (Views: 654.1ms | ActiveRecord: 0.0ms)


Started GET "/url_shortners/" for 127.0.0.1 at 2016-04-05 17:54:14 +0530
Processing by UrlShortnersController#index as HTML
  Rendered url_shortners/index.html.erb within layouts/application (646.9ms)
Completed 200 OK in 661ms (Views: 659.8ms | ActiveRecord: 0.0ms)


Started GET "/url_shortners/new" for 127.0.0.1 at 2016-04-05 17:54:19 +0530
Processing by UrlShortnersController#new as HTML
  Rendered url_shortners/_form.html.erb (1.3ms)
  Rendered url_shortners/new.html.erb within layouts/application (1.9ms)
Completed 200 OK in 16ms (Views: 12.3ms | ActiveRecord: 1.1ms)


Started POST "/url_shortners" for 127.0.0.1 at 2016-04-05 17:54:47 +0530
Processing by UrlShortnersController#create as HTML
  Parameters: {"utf8"=>"✓", "authenticity_token"=>"jYvWMoo6bQAtUgrku/MeSqWWYE6+M6kIQARyTI8vpgOH/eDK+yBZNxYSVHkVGHRfEa8gZNLPiOlKtisY8qrlUw==", "url_shortner"=>{"original_url"=>"https://www.linkedin.com/"}, "commit"=>"Create Url shortner"}
  [1m[36m (0.1ms)[0m  [1mBEGIN[0m
  [1m[35mUrlShortner Exists (0.2ms)[0m  SELECT  1 AS one FROM "url_shortners" WHERE "url_shortners"."original_url" = 'https://www.linkedin.com/' LIMIT 1
  [1m[36mSQL (0.1ms)[0m  [1mINSERT INTO "url_shortners" ("original_url", "created_at", "updated_at") VALUES ($1, $2, $3) RETURNING "id"[0m  [["original_url", "https://www.linkedin.com/"], ["created_at", "2016-04-05 12:24:47.621698"], ["updated_at", "2016-04-05 12:24:47.621698"]]
  [1m[35mUrlShortner Exists (0.2ms)[0m  SELECT  1 AS one FROM "url_shortners" WHERE ("url_shortners"."original_url" = 'https://www.linkedin.com/' AND "url_shortners"."id" != 10) LIMIT 1
  [1m[36mSQL (0.1ms)[0m  [1mUPDATE "url_shortners" SET "original_url" = $1, "created_at" = $2, "updated_at" = $3, "id" = $4, "generated_url" = $5 WHERE "url_shortners"."id" = $6[0m  [["original_url", "https://www.linkedin.com/"], ["created_at", "2016-04-05 12:24:47.621698"], ["updated_at", "2016-04-05 12:24:47.621698"], ["id", 10], ["generated_url", "http://my_url/d08420426f4b"], ["id", 10]]
  [1m[35m (48.4ms)[0m  COMMIT
Redirected to 
Completed 500 Internal Server Error in 53ms (ActiveRecord: 49.1ms)

ActionController::ActionControllerError (Cannot redirect to nil!):
  app/controllers/url_shortners_controller.rb:31:in `block (2 levels) in create'
  app/controllers/url_shortners_controller.rb:29:in `create'


  Rendered /home/sunil/.rvm/gems/ruby-2.1.5/gems/actionpack-4.2.3/lib/action_dispatch/middleware/templates/rescues/_source.erb (2.8ms)
  Rendered /home/sunil/.rvm/gems/ruby-2.1.5/gems/actionpack-4.2.3/lib/action_dispatch/middleware/templates/rescues/_trace.html.erb (1.8ms)
  Rendered /home/sunil/.rvm/gems/ruby-2.1.5/gems/actionpack-4.2.3/lib/action_dispatch/middleware/templates/rescues/_request_and_response.html.erb (0.7ms)
  Rendered /home/sunil/.rvm/gems/ruby-2.1.5/gems/actionpack-4.2.3/lib/action_dispatch/middleware/templates/rescues/diagnostics.html.erb within rescues/layout (11.9ms)
  Rendered /home/sunil/.rvm/gems/ruby-2.1.5/gems/web-console-2.3.0/lib/web_console/templates/_markup.html.erb (0.2ms)
  Rendered /home/sunil/.rvm/gems/ruby-2.1.5/gems/web-console-2.3.0/lib/web_console/templates/_inner_console_markup.html.erb within layouts/inlined_string (0.2ms)
  Rendered /home/sunil/.rvm/gems/ruby-2.1.5/gems/web-console-2.3.0/lib/web_console/templates/_prompt_box_markup.html.erb within layouts/inlined_string (0.1ms)
  Rendered /home/sunil/.rvm/gems/ruby-2.1.5/gems/web-console-2.3.0/lib/web_console/templates/style.css.erb within layouts/inlined_string (0.2ms)
  Rendered /home/sunil/.rvm/gems/ruby-2.1.5/gems/web-console-2.3.0/lib/web_console/templates/console.js.erb within layouts/javascript (7.7ms)
  Rendered /home/sunil/.rvm/gems/ruby-2.1.5/gems/web-console-2.3.0/lib/web_console/templates/main.js.erb within layouts/javascript (0.1ms)
  Rendered /home/sunil/.rvm/gems/ruby-2.1.5/gems/web-console-2.3.0/lib/web_console/templates/error_page.js.erb within layouts/javascript (0.2ms)
  Rendered /home/sunil/.rvm/gems/ruby-2.1.5/gems/web-console-2.3.0/lib/web_console/templates/index.html.erb (16.2ms)


Started GET "/url_shortners" for 127.0.0.1 at 2016-04-05 17:55:10 +0530
Processing by UrlShortnersController#index as HTML
  [1m[36mUrlShortner Load (0.3ms)[0m  [1mSELECT "url_shortners".* FROM "url_shortners"[0m
  Rendered url_shortners/index.html.erb within layouts/application (25820.2ms)
Completed 200 OK in 25843ms (Views: 25839.3ms | ActiveRecord: 1.7ms)


Started GET "/url_shortners" for 127.0.0.1 at 2016-04-05 17:55:54 +0530
Processing by UrlShortnersController#index as HTML
  [1m[35mUrlShortner Load (0.2ms)[0m  SELECT "url_shortners".* FROM "url_shortners"
  Rendered url_shortners/index.html.erb within layouts/application (2.1ms)
Completed 200 OK in 10ms (Views: 9.5ms | ActiveRecord: 0.2ms)


Started GET "/assets/scaffolds.self-e6450bba6981d3688c30e87b9adb6e75194e0761ce7999c7de6a9cc2e2d132d9.css?body=1" for 127.0.0.1 at 2016-04-05 17:55:54 +0530


Started GET "/assets/url_shortners.self-e3b0c44298fc1c149afbf4c8996fb92427ae41e4649b934ca495991b7852b855.css?body=1" for 127.0.0.1 at 2016-04-05 17:55:54 +0530


Started GET "/assets/application.self-e80e8f2318043e8af94dddc2adad5a4f09739a8ebb323b3ab31cd71d45fd9113.css?body=1" for 127.0.0.1 at 2016-04-05 17:55:54 +0530


Started GET "/assets/jquery.self-660adc51e0224b731d29f575a6f1ec167ba08ad06ed5deca4f1e8654c135bf4c.js?body=1" for 127.0.0.1 at 2016-04-05 17:55:54 +0530


Started GET "/assets/turbolinks.self-c37727e9bd6b2735da5c311aa83fead54ed0be6cc8bd9a65309e9c5abe2cbfff.js?body=1" for 127.0.0.1 at 2016-04-05 17:55:54 +0530


Started GET "/assets/jquery_ujs.self-e87806d0cf4489aeb1bb7288016024e8de67fd18db693fe026fe3907581e53cd.js?body=1" for 127.0.0.1 at 2016-04-05 17:55:54 +0530


Started GET "/assets/url_shortners.self-877aef30ae1b040ab8a3aba4e3e309a11d7f2612f44dde450b5c157aa5f95c05.js?body=1" for 127.0.0.1 at 2016-04-05 17:55:54 +0530


Started GET "/assets/application.self-3b8dabdc891efe46b9a144b400ad69e37d7e5876bdc39dee783419a69d7ca819.js?body=1" for 127.0.0.1 at 2016-04-05 17:55:54 +0530


Started DELETE "/url_shortners/7" for 127.0.0.1 at 2016-04-05 17:56:02 +0530
Processing by UrlShortnersController#destroy as HTML
  Parameters: {"authenticity_token"=>"RRcsFx9YoGDT0YwwoT+PetPezOiyqe3XQmXHLfOw8ZFPYRrvbkKUV+iR0q0P1OVvZ+eMwt5VzDZI1555jjWywQ==", "id"=>"7"}
  [1m[36mUrlShortner Load (0.1ms)[0m  [1mSELECT  "url_shortners".* FROM "url_shortners" WHERE "url_shortners"."id" = $1 LIMIT 1[0m  [["id", 7]]
  [1m[35m (0.1ms)[0m  BEGIN
  [1m[36mSQL (0.2ms)[0m  [1mDELETE FROM "url_shortners" WHERE "url_shortners"."id" = $1[0m  [["id", 7]]
  [1m[35m (22.8ms)[0m  COMMIT
Redirected to http://localhost:3001/url_shortners
Completed 302 Found in 26ms (ActiveRecord: 23.2ms)


Started GET "/url_shortners" for 127.0.0.1 at 2016-04-05 17:56:02 +0530
Processing by UrlShortnersController#index as HTML
  [1m[36mUrlShortner Load (0.3ms)[0m  [1mSELECT "url_shortners".* FROM "url_shortners"[0m
  Rendered url_shortners/index.html.erb within layouts/application (1.5ms)
Completed 200 OK in 11ms (Views: 10.5ms | ActiveRecord: 0.3ms)


Started GET "/url_shortners" for 127.0.0.1 at 2016-04-05 18:00:34 +0530
Processing by UrlShortnersController#index as HTML
  [1m[35mUrlShortner Load (0.2ms)[0m  SELECT "url_shortners".* FROM "url_shortners"
  Rendered url_shortners/index.html.erb within layouts/application (1.3ms)
Completed 200 OK in 9ms (Views: 8.4ms | ActiveRecord: 0.2ms)


Started GET "/assets/scaffolds.self-e6450bba6981d3688c30e87b9adb6e75194e0761ce7999c7de6a9cc2e2d132d9.css?body=1" for 127.0.0.1 at 2016-04-05 18:00:34 +0530


Started GET "/assets/url_shortners.self-e3b0c44298fc1c149afbf4c8996fb92427ae41e4649b934ca495991b7852b855.css?body=1" for 127.0.0.1 at 2016-04-05 18:00:34 +0530


Started GET "/assets/jquery.self-660adc51e0224b731d29f575a6f1ec167ba08ad06ed5deca4f1e8654c135bf4c.js?body=1" for 127.0.0.1 at 2016-04-05 18:00:34 +0530


Started GET "/assets/turbolinks.self-c37727e9bd6b2735da5c311aa83fead54ed0be6cc8bd9a65309e9c5abe2cbfff.js?body=1" for 127.0.0.1 at 2016-04-05 18:00:34 +0530


Started GET "/assets/application.self-e80e8f2318043e8af94dddc2adad5a4f09739a8ebb323b3ab31cd71d45fd9113.css?body=1" for 127.0.0.1 at 2016-04-05 18:00:34 +0530


Started GET "/assets/jquery_ujs.self-e87806d0cf4489aeb1bb7288016024e8de67fd18db693fe026fe3907581e53cd.js?body=1" for 127.0.0.1 at 2016-04-05 18:00:34 +0530


Started GET "/assets/url_shortners.self-877aef30ae1b040ab8a3aba4e3e309a11d7f2612f44dde450b5c157aa5f95c05.js?body=1" for 127.0.0.1 at 2016-04-05 18:00:34 +0530


Started GET "/assets/application.self-3b8dabdc891efe46b9a144b400ad69e37d7e5876bdc39dee783419a69d7ca819.js?body=1" for 127.0.0.1 at 2016-04-05 18:00:34 +0530


Started GET "/url_shortners/new" for 127.0.0.1 at 2016-04-05 18:00:52 +0530
Processing by UrlShortnersController#new as HTML
  Rendered url_shortners/_form.html.erb (0.7ms)
  Rendered url_shortners/new.html.erb within layouts/application (1.1ms)
Completed 200 OK in 8ms (Views: 7.5ms | ActiveRecord: 0.0ms)


Started POST "/url_shortners" for 127.0.0.1 at 2016-04-05 18:01:00 +0530
Processing by UrlShortnersController#create as HTML
  Parameters: {"utf8"=>"✓", "authenticity_token"=>"y/+1aXbOcQGsbbUeevnUsVTt2gelulNEyssOBFzLMjnBiYORB9RFNpct64PUEr6k4NSaLclGcqXAeVdQIU5xaQ==", "url_shortner"=>{"original_url"=>"https://twitter.com/"}, "commit"=>"Create Url shortner"}
  [1m[36m (0.1ms)[0m  [1mBEGIN[0m
  [1m[35mUrlShortner Exists (0.2ms)[0m  SELECT  1 AS one FROM "url_shortners" WHERE "url_shortners"."original_url" = 'https://twitter.com/' LIMIT 1
  [1m[36mSQL (0.1ms)[0m  [1mINSERT INTO "url_shortners" ("original_url", "created_at", "updated_at") VALUES ($1, $2, $3) RETURNING "id"[0m  [["original_url", "https://twitter.com/"], ["created_at", "2016-04-05 12:31:00.582128"], ["updated_at", "2016-04-05 12:31:00.582128"]]
  [1m[35mUrlShortner Exists (0.1ms)[0m  SELECT  1 AS one FROM "url_shortners" WHERE ("url_shortners"."original_url" = 'https://twitter.com/' AND "url_shortners"."id" != 11) LIMIT 1
  [1m[36mSQL (0.1ms)[0m  [1mUPDATE "url_shortners" SET "original_url" = $1, "created_at" = $2, "updated_at" = $3, "id" = $4, "generated_url" = $5 WHERE "url_shortners"."id" = $6[0m  [["original_url", "https://twitter.com/"], ["created_at", "2016-04-05 12:31:00.582128"], ["updated_at", "2016-04-05 12:31:00.582128"], ["id", 11], ["generated_url", "http://my_url/aa085e3b5762"], ["id", 11]]
  [1m[35m (44.7ms)[0m  COMMIT
Redirected to http://localhost:3001/url_shortners
Completed 302 Found in 49ms (ActiveRecord: 45.4ms)


Started GET "/url_shortners" for 127.0.0.1 at 2016-04-05 18:01:00 +0530
Processing by UrlShortnersController#index as HTML
  [1m[36mUrlShortner Load (0.2ms)[0m  [1mSELECT "url_shortners".* FROM "url_shortners"[0m
  Rendered url_shortners/index.html.erb within layouts/application (1.1ms)
Completed 200 OK in 9ms (Views: 8.0ms | ActiveRecord: 0.2ms)


Started GET "/url_shortners" for 127.0.0.1 at 2016-04-05 18:02:18 +0530
Processing by UrlShortnersController#index as HTML
  [1m[35mUrlShortner Load (0.2ms)[0m  SELECT "url_shortners".* FROM "url_shortners"
  Rendered url_shortners/index.html.erb within layouts/application (1.8ms)
Completed 200 OK in 11ms (Views: 10.4ms | ActiveRecord: 0.2ms)


Started GET "/assets/scaffolds.self-e6450bba6981d3688c30e87b9adb6e75194e0761ce7999c7de6a9cc2e2d132d9.css?body=1" for 127.0.0.1 at 2016-04-05 18:02:18 +0530


Started GET "/assets/application.self-e80e8f2318043e8af94dddc2adad5a4f09739a8ebb323b3ab31cd71d45fd9113.css?body=1" for 127.0.0.1 at 2016-04-05 18:02:18 +0530


Started GET "/assets/url_shortners.self-e3b0c44298fc1c149afbf4c8996fb92427ae41e4649b934ca495991b7852b855.css?body=1" for 127.0.0.1 at 2016-04-05 18:02:18 +0530


Started GET "/assets/jquery.self-660adc51e0224b731d29f575a6f1ec167ba08ad06ed5deca4f1e8654c135bf4c.js?body=1" for 127.0.0.1 at 2016-04-05 18:02:18 +0530


Started GET "/assets/jquery_ujs.self-e87806d0cf4489aeb1bb7288016024e8de67fd18db693fe026fe3907581e53cd.js?body=1" for 127.0.0.1 at 2016-04-05 18:02:18 +0530


Started GET "/assets/turbolinks.self-c37727e9bd6b2735da5c311aa83fead54ed0be6cc8bd9a65309e9c5abe2cbfff.js?body=1" for 127.0.0.1 at 2016-04-05 18:02:18 +0530


Started GET "/assets/url_shortners.self-877aef30ae1b040ab8a3aba4e3e309a11d7f2612f44dde450b5c157aa5f95c05.js?body=1" for 127.0.0.1 at 2016-04-05 18:02:18 +0530


Started GET "/assets/application.self-3b8dabdc891efe46b9a144b400ad69e37d7e5876bdc39dee783419a69d7ca819.js?body=1" for 127.0.0.1 at 2016-04-05 18:02:18 +0530


Started GET "/url_shortners" for 127.0.0.1 at 2016-04-05 18:02:25 +0530
Processing by UrlShortnersController#index as HTML
  [1m[36mUrlShortner Load (0.2ms)[0m  [1mSELECT "url_shortners".* FROM "url_shortners"[0m
  Rendered url_shortners/index.html.erb within layouts/application (1.2ms)
Completed 200 OK in 11ms (Views: 10.3ms | ActiveRecord: 0.2ms)


Started GET "/assets/url_shortners.self-e3b0c44298fc1c149afbf4c8996fb92427ae41e4649b934ca495991b7852b855.css?body=1" for 127.0.0.1 at 2016-04-05 18:02:25 +0530


Started GET "/assets/scaffolds.self-e6450bba6981d3688c30e87b9adb6e75194e0761ce7999c7de6a9cc2e2d132d9.css?body=1" for 127.0.0.1 at 2016-04-05 18:02:25 +0530


Started GET "/assets/application.self-e80e8f2318043e8af94dddc2adad5a4f09739a8ebb323b3ab31cd71d45fd9113.css?body=1" for 127.0.0.1 at 2016-04-05 18:02:25 +0530


Started GET "/assets/turbolinks.self-c37727e9bd6b2735da5c311aa83fead54ed0be6cc8bd9a65309e9c5abe2cbfff.js?body=1" for 127.0.0.1 at 2016-04-05 18:02:25 +0530


Started GET "/assets/jquery.self-660adc51e0224b731d29f575a6f1ec167ba08ad06ed5deca4f1e8654c135bf4c.js?body=1" for 127.0.0.1 at 2016-04-05 18:02:25 +0530


Started GET "/assets/jquery_ujs.self-e87806d0cf4489aeb1bb7288016024e8de67fd18db693fe026fe3907581e53cd.js?body=1" for 127.0.0.1 at 2016-04-05 18:02:25 +0530


Started GET "/assets/url_shortners.self-877aef30ae1b040ab8a3aba4e3e309a11d7f2612f44dde450b5c157aa5f95c05.js?body=1" for 127.0.0.1 at 2016-04-05 18:02:25 +0530


Started GET "/assets/application.self-3b8dabdc891efe46b9a144b400ad69e37d7e5876bdc39dee783419a69d7ca819.js?body=1" for 127.0.0.1 at 2016-04-05 18:02:25 +0530


Started GET "/url_shortners" for 127.0.0.1 at 2016-04-05 18:02:53 +0530
Processing by UrlShortnersController#index as HTML
  [1m[35mUrlShortner Load (0.2ms)[0m  SELECT "url_shortners".* FROM "url_shortners"
  Rendered url_shortners/index.html.erb within layouts/application (1.7ms)
Completed 200 OK in 13ms (Views: 11.7ms | ActiveRecord: 0.2ms)


Started GET "/assets/scaffolds.self-e6450bba6981d3688c30e87b9adb6e75194e0761ce7999c7de6a9cc2e2d132d9.css?body=1" for 127.0.0.1 at 2016-04-05 18:02:53 +0530


Started GET "/assets/jquery.self-660adc51e0224b731d29f575a6f1ec167ba08ad06ed5deca4f1e8654c135bf4c.js?body=1" for 127.0.0.1 at 2016-04-05 18:02:53 +0530


Started GET "/assets/application.self-e80e8f2318043e8af94dddc2adad5a4f09739a8ebb323b3ab31cd71d45fd9113.css?body=1" for 127.0.0.1 at 2016-04-05 18:02:53 +0530


Started GET "/assets/url_shortners.self-e3b0c44298fc1c149afbf4c8996fb92427ae41e4649b934ca495991b7852b855.css?body=1" for 127.0.0.1 at 2016-04-05 18:02:53 +0530


Started GET "/assets/jquery_ujs.self-e87806d0cf4489aeb1bb7288016024e8de67fd18db693fe026fe3907581e53cd.js?body=1" for 127.0.0.1 at 2016-04-05 18:02:53 +0530


Started GET "/assets/turbolinks.self-c37727e9bd6b2735da5c311aa83fead54ed0be6cc8bd9a65309e9c5abe2cbfff.js?body=1" for 127.0.0.1 at 2016-04-05 18:02:53 +0530


Started GET "/assets/url_shortners.self-877aef30ae1b040ab8a3aba4e3e309a11d7f2612f44dde450b5c157aa5f95c05.js?body=1" for 127.0.0.1 at 2016-04-05 18:02:53 +0530


Started GET "/assets/application.self-3b8dabdc891efe46b9a144b400ad69e37d7e5876bdc39dee783419a69d7ca819.js?body=1" for 127.0.0.1 at 2016-04-05 18:02:53 +0530


Started GET "/url_shortners" for 127.0.0.1 at 2016-04-05 18:03:04 +0530
Processing by UrlShortnersController#index as HTML
  [1m[36mUrlShortner Load (0.3ms)[0m  [1mSELECT "url_shortners".* FROM "url_shortners"[0m
  Rendered url_shortners/index.html.erb within layouts/application (1.6ms)
Completed 200 OK in 14ms (Views: 13.4ms | ActiveRecord: 0.3ms)


Started GET "/assets/scaffolds.self-e6450bba6981d3688c30e87b9adb6e75194e0761ce7999c7de6a9cc2e2d132d9.css?body=1" for 127.0.0.1 at 2016-04-05 18:03:04 +0530


Started GET "/assets/url_shortners.self-e3b0c44298fc1c149afbf4c8996fb92427ae41e4649b934ca495991b7852b855.css?body=1" for 127.0.0.1 at 2016-04-05 18:03:04 +0530


Started GET "/assets/turbolinks.self-c37727e9bd6b2735da5c311aa83fead54ed0be6cc8bd9a65309e9c5abe2cbfff.js?body=1" for 127.0.0.1 at 2016-04-05 18:03:04 +0530


Started GET "/assets/jquery_ujs.self-e87806d0cf4489aeb1bb7288016024e8de67fd18db693fe026fe3907581e53cd.js?body=1" for 127.0.0.1 at 2016-04-05 18:03:04 +0530


Started GET "/assets/jquery.self-660adc51e0224b731d29f575a6f1ec167ba08ad06ed5deca4f1e8654c135bf4c.js?body=1" for 127.0.0.1 at 2016-04-05 18:03:04 +0530


Started GET "/assets/application.self-e80e8f2318043e8af94dddc2adad5a4f09739a8ebb323b3ab31cd71d45fd9113.css?body=1" for 127.0.0.1 at 2016-04-05 18:03:04 +0530


Started GET "/assets/url_shortners.self-877aef30ae1b040ab8a3aba4e3e309a11d7f2612f44dde450b5c157aa5f95c05.js?body=1" for 127.0.0.1 at 2016-04-05 18:03:04 +0530


Started GET "/assets/application.self-3b8dabdc891efe46b9a144b400ad69e37d7e5876bdc39dee783419a69d7ca819.js?body=1" for 127.0.0.1 at 2016-04-05 18:03:04 +0530


Started GET "/url_shortners" for 127.0.0.1 at 2016-04-05 18:03:05 +0530
Processing by UrlShortnersController#index as HTML
  [1m[35mUrlShortner Load (0.3ms)[0m  SELECT "url_shortners".* FROM "url_shortners"
  Rendered url_shortners/index.html.erb within layouts/application (2.3ms)
Completed 200 OK in 13ms (Views: 12.2ms | ActiveRecord: 0.3ms)


Started GET "/assets/scaffolds.self-e6450bba6981d3688c30e87b9adb6e75194e0761ce7999c7de6a9cc2e2d132d9.css?body=1" for 127.0.0.1 at 2016-04-05 18:03:05 +0530


Started GET "/assets/application.self-e80e8f2318043e8af94dddc2adad5a4f09739a8ebb323b3ab31cd71d45fd9113.css?body=1" for 127.0.0.1 at 2016-04-05 18:03:05 +0530


Started GET "/assets/url_shortners.self-e3b0c44298fc1c149afbf4c8996fb92427ae41e4649b934ca495991b7852b855.css?body=1" for 127.0.0.1 at 2016-04-05 18:03:05 +0530


Started GET "/assets/jquery.self-660adc51e0224b731d29f575a6f1ec167ba08ad06ed5deca4f1e8654c135bf4c.js?body=1" for 127.0.0.1 at 2016-04-05 18:03:05 +0530


Started GET "/assets/jquery_ujs.self-e87806d0cf4489aeb1bb7288016024e8de67fd18db693fe026fe3907581e53cd.js?body=1" for 127.0.0.1 at 2016-04-05 18:03:05 +0530


Started GET "/assets/turbolinks.self-c37727e9bd6b2735da5c311aa83fead54ed0be6cc8bd9a65309e9c5abe2cbfff.js?body=1" for 127.0.0.1 at 2016-04-05 18:03:05 +0530


Started GET "/assets/url_shortners.self-877aef30ae1b040ab8a3aba4e3e309a11d7f2612f44dde450b5c157aa5f95c05.js?body=1" for 127.0.0.1 at 2016-04-05 18:03:05 +0530


Started GET "/assets/application.self-3b8dabdc891efe46b9a144b400ad69e37d7e5876bdc39dee783419a69d7ca819.js?body=1" for 127.0.0.1 at 2016-04-05 18:03:05 +0530


Started GET "/url_shortners" for 127.0.0.1 at 2016-04-05 18:03:21 +0530
Processing by UrlShortnersController#index as HTML
  [1m[36mUrlShortner Load (0.3ms)[0m  [1mSELECT "url_shortners".* FROM "url_shortners"[0m
  Rendered url_shortners/index.html.erb within layouts/application (2.4ms)
Completed 200 OK in 12ms (Views: 10.7ms | ActiveRecord: 0.3ms)


Started GET "/assets/scaffolds.self-e6450bba6981d3688c30e87b9adb6e75194e0761ce7999c7de6a9cc2e2d132d9.css?body=1" for 127.0.0.1 at 2016-04-05 18:03:22 +0530


Started GET "/assets/url_shortners.self-e3b0c44298fc1c149afbf4c8996fb92427ae41e4649b934ca495991b7852b855.css?body=1" for 127.0.0.1 at 2016-04-05 18:03:22 +0530


Started GET "/assets/jquery_ujs.self-e87806d0cf4489aeb1bb7288016024e8de67fd18db693fe026fe3907581e53cd.js?body=1" for 127.0.0.1 at 2016-04-05 18:03:22 +0530


Started GET "/assets/application.self-e80e8f2318043e8af94dddc2adad5a4f09739a8ebb323b3ab31cd71d45fd9113.css?body=1" for 127.0.0.1 at 2016-04-05 18:03:22 +0530


Started GET "/assets/turbolinks.self-c37727e9bd6b2735da5c311aa83fead54ed0be6cc8bd9a65309e9c5abe2cbfff.js?body=1" for 127.0.0.1 at 2016-04-05 18:03:22 +0530


Started GET "/assets/jquery.self-660adc51e0224b731d29f575a6f1ec167ba08ad06ed5deca4f1e8654c135bf4c.js?body=1" for 127.0.0.1 at 2016-04-05 18:03:22 +0530


Started GET "/assets/url_shortners.self-877aef30ae1b040ab8a3aba4e3e309a11d7f2612f44dde450b5c157aa5f95c05.js?body=1" for 127.0.0.1 at 2016-04-05 18:03:22 +0530


Started GET "/assets/application.self-3b8dabdc891efe46b9a144b400ad69e37d7e5876bdc39dee783419a69d7ca819.js?body=1" for 127.0.0.1 at 2016-04-05 18:03:22 +0530


Started GET "/url_shortners/new" for 127.0.0.1 at 2016-04-05 18:03:29 +0530
Processing by UrlShortnersController#new as HTML
  Rendered url_shortners/_form.html.erb (2.1ms)
  Rendered url_shortners/new.html.erb within layouts/application (3.2ms)
Completed 200 OK in 13ms (Views: 11.8ms | ActiveRecord: 0.0ms)


Started POST "/url_shortners" for 127.0.0.1 at 2016-04-05 18:03:32 +0530
Processing by UrlShortnersController#create as HTML
  Parameters: {"utf8"=>"✓", "authenticity_token"=>"pCbOLXo28MGXTbokav9c2N1Gh2KuMrrBU0WnrD2NSouuUPjVCyzE9qwN5LnEFDbNaX/HSMLOmyBZ9/74QAgJ2w==", "url_shortner"=>{"original_url"=>"https://twitter.com/"}, "commit"=>"Create Url shortner"}
  [1m[35m (0.1ms)[0m  BEGIN
  [1m[36mUrlShortner Exists (0.2ms)[0m  [1mSELECT  1 AS one FROM "url_shortners" WHERE "url_shortners"."original_url" = 'https://twitter.com/' LIMIT 1[0m
  [1m[35m (0.1ms)[0m  ROLLBACK
  Rendered url_shortners/_form.html.erb (1.4ms)
  Rendered url_shortners/new.html.erb within layouts/application (1.9ms)
Completed 200 OK in 22ms (Views: 19.8ms | ActiveRecord: 0.4ms)


Started GET "/url_shortners" for 127.0.0.1 at 2016-04-05 18:03:39 +0530
Processing by UrlShortnersController#index as HTML
  [1m[36mUrlShortner Load (0.6ms)[0m  [1mSELECT "url_shortners".* FROM "url_shortners"[0m
  Rendered url_shortners/index.html.erb within layouts/application (3.3ms)
Completed 200 OK in 15ms (Views: 12.9ms | ActiveRecord: 0.6ms)


Started GET "/url_shortners/new" for 127.0.0.1 at 2016-04-05 18:03:43 +0530
Processing by UrlShortnersController#new as HTML
  Rendered url_shortners/_form.html.erb (1.2ms)
  Rendered url_shortners/new.html.erb within layouts/application (1.9ms)
Completed 200 OK in 11ms (Views: 10.2ms | ActiveRecord: 0.0ms)


Started POST "/url_shortners" for 127.0.0.1 at 2016-04-05 18:03:52 +0530
Processing by UrlShortnersController#create as HTML
  Parameters: {"utf8"=>"✓", "authenticity_token"=>"EWwMZd6q497sLdmk3yNnmmhAKr5ABY/OetsOruZ2KOIbGjqdr7DX6ddthzlxyA2P3HlqlCz5ri9waVf6m/Nrsg==", "url_shortner"=>{"original_url"=>"http://epaper.eenadu.net/"}, "commit"=>"Create Url shortner"}
  [1m[35m (0.2ms)[0m  BEGIN
  [1m[36mUrlShortner Exists (0.2ms)[0m  [1mSELECT  1 AS one FROM "url_shortners" WHERE "url_shortners"."original_url" = 'http://epaper.eenadu.net/' LIMIT 1[0m
  [1m[35mSQL (0.1ms)[0m  INSERT INTO "url_shortners" ("original_url", "created_at", "updated_at") VALUES ($1, $2, $3) RETURNING "id"  [["original_url", "http://epaper.eenadu.net/"], ["created_at", "2016-04-05 12:33:52.467693"], ["updated_at", "2016-04-05 12:33:52.467693"]]
  [1m[36mUrlShortner Exists (0.2ms)[0m  [1mSELECT  1 AS one FROM "url_shortners" WHERE ("url_shortners"."original_url" = 'http://epaper.eenadu.net/' AND "url_shortners"."id" != 12) LIMIT 1[0m
  [1m[35mSQL (0.1ms)[0m  UPDATE "url_shortners" SET "original_url" = $1, "created_at" = $2, "updated_at" = $3, "id" = $4, "generated_url" = $5 WHERE "url_shortners"."id" = $6  [["original_url", "http://epaper.eenadu.net/"], ["created_at", "2016-04-05 12:33:52.467693"], ["updated_at", "2016-04-05 12:33:52.467693"], ["id", 12], ["generated_url", "http://my_url/7bccb3746b02"], ["id", 12]]
  [1m[36m (56.9ms)[0m  [1mCOMMIT[0m
Redirected to http://localhost:3001/url_shortners
Completed 302 Found in 61ms (ActiveRecord: 57.7ms)


Started GET "/url_shortners" for 127.0.0.1 at 2016-04-05 18:03:52 +0530
Processing by UrlShortnersController#index as HTML
  [1m[35mUrlShortner Load (0.3ms)[0m  SELECT "url_shortners".* FROM "url_shortners"
  Rendered url_shortners/index.html.erb within layouts/application (2.1ms)
Completed 200 OK in 14ms (Views: 12.5ms | ActiveRecord: 0.3ms)
